<?xml version="1.0" encoding="UTF-8"?>
<testng-results skipped="0" failed="0" ignored="0" total="1" passed="1">
  <reporter-output>
  </reporter-output>
  <suite name="Failed suite [Default suite]" duration-ms="12820" started-at="2019-06-28T20:39:00Z" finished-at="2019-06-28T20:39:13Z">
    <groups>
    </groups>
    <test name="Default test(failed)" duration-ms="12820" started-at="2019-06-28T20:39:00Z" finished-at="2019-06-28T20:39:13Z">
      <class name="com.mavenpractice.com.mavenpractice.NewTest">
        <test-method status="PASS" signature="beforeClass()[pri:0, instance:com.mavenpractice.com.mavenpractice.NewTest@28d25987]" name="beforeClass" is-config="true" duration-ms="7476" started-at="2019-06-28T20:39:00Z" finished-at="2019-06-28T20:39:08Z">
          <reporter-output>
          </reporter-output>
        </test-method> <!-- beforeClass -->
        <test-method status="PASS" signature="f()[pri:0, instance:com.mavenpractice.com.mavenpractice.NewTest@28d25987]" name="f" duration-ms="3318" started-at="2019-06-28T20:39:08Z" finished-at="2019-06-28T20:39:11Z">
          <reporter-output>
          </reporter-output>
        </test-method> <!-- f -->
        <test-method status="PASS" signature="shot()[pri:0, instance:com.mavenpractice.com.mavenpractice.NewTest@28d25987]" name="shot" is-config="true" duration-ms="1121" started-at="2019-06-28T20:39:11Z" finished-at="2019-06-28T20:39:12Z">
          <reporter-output>
          </reporter-output>
        </test-method> <!-- shot -->
        <test-method status="PASS" signature="afterClass()[pri:0, instance:com.mavenpractice.com.mavenpractice.NewTest@28d25987]" name="afterClass" is-config="true" duration-ms="870" started-at="2019-06-28T20:39:12Z" finished-at="2019-06-28T20:39:13Z">
          <reporter-output>
          </reporter-output>
        </test-method> <!-- afterClass -->
      </class> <!-- com.mavenpractice.com.mavenpractice.NewTest -->
    </test> <!-- Default test(failed) -->
  </suite> <!-- Failed suite [Default suite] -->
</testng-results>
